2015-07-17 09:50:41,888 INFO o.i.c.IndexController [Test worker] =====>>>>> TEST LOG4J INTO CONSOLE <<<<<=====
2015-07-17 09:50:41,890 DEBUG o.i.c.IndexController [Test worker] =====>>>>> TEST LOG4J INTO DEBUG.LOG <<<<<=====
2015-07-17 09:50:41,890 FATAL o.i.c.IndexController [Test worker] =====>>>>> TEST LOG4J INTO FATAL.LOG <<<<<=====
2015-07-17 09:54:32,484 INFO o.i.c.IndexController [Test worker] =====>>>>> TEST LOG4J INTO CONSOLE <<<<<=====
2015-07-17 09:54:32,485 DEBUG o.i.c.IndexController [Test worker] =====>>>>> TEST LOG4J INTO DEBUG.LOG <<<<<=====
2015-07-17 09:54:32,486 FATAL o.i.c.IndexController [Test worker] =====>>>>> TEST LOG4J INTO FATAL.LOG <<<<<=====
2015-07-17 09:58:29,462 INFO o.i.c.IndexController [Test worker] =====>>>>> TEST LOG4J INTO CONSOLE <<<<<=====
2015-07-17 09:58:29,463 DEBUG o.i.c.IndexController [Test worker] =====>>>>> TEST LOG4J INTO DEBUG.LOG <<<<<=====
2015-07-17 09:58:29,464 FATAL o.i.c.IndexController [Test worker] =====>>>>> TEST LOG4J INTO FATAL.LOG <<<<<=====
2015-07-17 10:05:51,311 INFO o.i.c.IndexController [Test worker] =====>>>>> TEST LOG4J INTO CONSOLE <<<<<=====
2015-07-17 10:05:51,312 DEBUG o.i.c.IndexController [Test worker] =====>>>>> TEST LOG4J INTO DEBUG.LOG <<<<<=====
2015-07-17 10:05:51,313 FATAL o.i.c.IndexController [Test worker] =====>>>>> TEST LOG4J INTO FATAL.LOG <<<<<=====
2015-07-17 11:08:16,194 INFO o.i.c.IndexController [Test worker] =====>>>>> TEST LOG4J INTO CONSOLE <<<<<=====
2015-07-17 11:08:16,196 DEBUG o.i.c.IndexController [Test worker] =====>>>>> TEST LOG4J INTO DEBUG.LOG <<<<<=====
2015-07-17 11:10:52,240 INFO o.i.c.IndexController [Test worker] =====>>>>> TEST LOG4J INTO CONSOLE <<<<<=====
2015-07-17 11:10:52,242 DEBUG o.i.c.IndexController [Test worker] =====>>>>> TEST LOG4J INTO DEBUG.LOG <<<<<=====
2015-07-17 11:15:17,634 INFO o.i.c.IndexController [Test worker] =====>>>>> TEST LOG4J INTO CONSOLE <<<<<=====
2015-07-17 11:15:17,636 DEBUG o.i.c.IndexController [Test worker] =====>>>>> TEST LOG4J INTO DEBUG.LOG <<<<<=====
2015-07-17 11:19:16,610 INFO o.i.c.IndexController [Test worker] =====>>>>> TEST LOG4J INTO CONSOLE <<<<<=====
2015-07-17 11:19:16,611 DEBUG o.i.c.IndexController [Test worker] =====>>>>> TEST LOG4J INTO DEBUG.LOG <<<<<=====
2015-07-17 16:44:37,786 INFO o.i.c.IndexController [Test worker] =====>>>>> TEST LOG4J INTO CONSOLE <<<<<=====
2015-07-17 16:44:37,788 DEBUG o.i.c.IndexController [Test worker] =====>>>>> TEST LOG4J INTO DEBUG.LOG <<<<<=====
2015-07-17 16:56:19,884 INFO o.i.c.IndexController [Test worker] =====>>>>> TEST LOG4J INTO CONSOLE <<<<<=====
2015-07-17 16:56:19,894 DEBUG o.i.c.IndexController [Test worker] =====>>>>> TEST LOG4J INTO DEBUG.LOG <<<<<=====
2015-07-17 17:52:11,954 INFO o.i.c.IndexController [Test worker] =====>>>>> TEST LOG4J INTO CONSOLE <<<<<=====
2015-07-17 17:52:11,958 DEBUG o.i.c.IndexController [Test worker] =====>>>>> TEST LOG4J INTO DEBUG.LOG <<<<<=====
2015-07-17 17:54:04,887 INFO o.i.c.IndexController [Test worker] =====>>>>> TEST LOG4J INTO CONSOLE <<<<<=====
2015-07-17 17:54:04,889 DEBUG o.i.c.IndexController [Test worker] =====>>>>> TEST LOG4J INTO DEBUG.LOG <<<<<=====
2015-07-28 13:42:24,866 INFO o.i.c.IndexController [1421841691@qtp-999864329-3] =====>>>>> TEST LOG4J INTO CONSOLE <<<<<=====
2015-07-28 13:42:24,880 DEBUG o.i.c.IndexController [1421841691@qtp-999864329-3] =====>>>>> TEST LOG4J INTO DEBUG.LOG <<<<<=====
2015-07-28 13:42:32,724 INFO o.i.c.IndexController [1421841691@qtp-999864329-3] =====>>>>> TEST LOG4J INTO CONSOLE <<<<<=====
2015-07-28 13:42:32,729 DEBUG o.i.c.IndexController [1421841691@qtp-999864329-3] =====>>>>> TEST LOG4J INTO DEBUG.LOG <<<<<=====
2015-07-28 13:42:33,436 INFO o.i.c.IndexController [1421841691@qtp-999864329-3] =====>>>>> TEST LOG4J INTO CONSOLE <<<<<=====
2015-07-28 13:42:33,454 DEBUG o.i.c.IndexController [1421841691@qtp-999864329-3] =====>>>>> TEST LOG4J INTO DEBUG.LOG <<<<<=====
2015-07-28 13:42:34,172 INFO o.i.c.IndexController [1421841691@qtp-999864329-3] =====>>>>> TEST LOG4J INTO CONSOLE <<<<<=====
2015-07-28 13:42:34,203 DEBUG o.i.c.IndexController [1421841691@qtp-999864329-3] =====>>>>> TEST LOG4J INTO DEBUG.LOG <<<<<=====
2015-07-28 13:42:36,512 INFO o.i.c.IndexController [1421841691@qtp-999864329-3] =====>>>>> TEST LOG4J INTO CONSOLE <<<<<=====
2015-07-28 13:42:36,516 DEBUG o.i.c.IndexController [1421841691@qtp-999864329-3] =====>>>>> TEST LOG4J INTO DEBUG.LOG <<<<<=====
2015-07-28 13:42:37,195 INFO o.i.c.IndexController [1421841691@qtp-999864329-3] =====>>>>> TEST LOG4J INTO CONSOLE <<<<<=====
2015-07-28 13:42:37,202 DEBUG o.i.c.IndexController [1421841691@qtp-999864329-3] =====>>>>> TEST LOG4J INTO DEBUG.LOG <<<<<=====
2015-07-28 13:44:00,781 INFO o.i.c.IndexController [2018441540@qtp-999864329-4] =====>>>>> TEST LOG4J INTO CONSOLE <<<<<=====
2015-07-28 13:44:00,793 DEBUG o.i.c.IndexController [2018441540@qtp-999864329-4] =====>>>>> TEST LOG4J INTO DEBUG.LOG <<<<<=====
2015-07-28 13:44:07,268 INFO o.i.c.IndexController [2018441540@qtp-999864329-4] =====>>>>> TEST LOG4J INTO CONSOLE <<<<<=====
2015-07-28 13:44:07,280 DEBUG o.i.c.IndexController [2018441540@qtp-999864329-4] =====>>>>> TEST LOG4J INTO DEBUG.LOG <<<<<=====
2015-07-28 13:44:08,048 INFO o.i.c.IndexController [2018441540@qtp-999864329-4] =====>>>>> TEST LOG4J INTO CONSOLE <<<<<=====
2015-07-28 13:44:08,058 DEBUG o.i.c.IndexController [2018441540@qtp-999864329-4] =====>>>>> TEST LOG4J INTO DEBUG.LOG <<<<<=====
2015-07-28 13:44:10,475 INFO o.i.c.IndexController [2018441540@qtp-999864329-4] =====>>>>> TEST LOG4J INTO CONSOLE <<<<<=====
2015-07-28 13:44:10,479 DEBUG o.i.c.IndexController [2018441540@qtp-999864329-4] =====>>>>> TEST LOG4J INTO DEBUG.LOG <<<<<=====
2015-07-28 13:44:12,472 INFO o.i.c.IndexController [2018441540@qtp-999864329-4] =====>>>>> TEST LOG4J INTO CONSOLE <<<<<=====
2015-07-28 13:44:12,475 DEBUG o.i.c.IndexController [2018441540@qtp-999864329-4] =====>>>>> TEST LOG4J INTO DEBUG.LOG <<<<<=====
2015-07-28 13:44:13,149 INFO o.i.c.IndexController [2018441540@qtp-999864329-4] =====>>>>> TEST LOG4J INTO CONSOLE <<<<<=====
2015-07-28 13:44:13,166 DEBUG o.i.c.IndexController [2018441540@qtp-999864329-4] =====>>>>> TEST LOG4J INTO DEBUG.LOG <<<<<=====
2015-07-28 13:44:14,496 INFO o.i.c.IndexController [2018441540@qtp-999864329-4] =====>>>>> TEST LOG4J INTO CONSOLE <<<<<=====
2015-07-28 13:44:14,499 DEBUG o.i.c.IndexController [2018441540@qtp-999864329-4] =====>>>>> TEST LOG4J INTO DEBUG.LOG <<<<<=====
2015-07-28 13:53:36,388 INFO o.i.c.IndexController [Test worker] =====>>>>> TEST LOG4J INTO CONSOLE <<<<<=====
2015-07-28 13:53:36,392 DEBUG o.i.c.IndexController [Test worker] =====>>>>> TEST LOG4J INTO DEBUG.LOG <<<<<=====
2015-07-28 14:08:29,101 INFO o.i.c.IndexController [Test worker] =====>>>>> TEST LOG4J INTO CONSOLE <<<<<=====
2015-07-28 14:08:29,107 DEBUG o.i.c.IndexController [Test worker] =====>>>>> TEST LOG4J INTO DEBUG.LOG <<<<<=====
2015-07-28 14:09:38,323 INFO o.i.c.IndexController [Test worker] =====>>>>> TEST LOG4J INTO CONSOLE <<<<<=====
2015-07-28 14:09:38,327 DEBUG o.i.c.IndexController [Test worker] =====>>>>> TEST LOG4J INTO DEBUG.LOG <<<<<=====
2015-07-28 14:14:36,060 INFO o.i.c.IndexController [Test worker] =====>>>>> TEST LOG4J INTO CONSOLE <<<<<=====
2015-07-28 14:14:36,065 DEBUG o.i.c.IndexController [Test worker] =====>>>>> TEST LOG4J INTO DEBUG.LOG <<<<<=====
2015-07-28 14:16:57,402 INFO o.i.c.IndexController [Test worker] =====>>>>> TEST LOG4J INTO CONSOLE <<<<<=====
2015-07-28 14:16:57,422 DEBUG o.i.c.IndexController [Test worker] =====>>>>> TEST LOG4J INTO DEBUG.LOG <<<<<=====
2015-07-28 14:18:03,704 INFO o.i.c.IndexController [Test worker] =====>>>>> TEST LOG4J INTO CONSOLE <<<<<=====
2015-07-28 14:18:03,710 DEBUG o.i.c.IndexController [Test worker] =====>>>>> TEST LOG4J INTO DEBUG.LOG <<<<<=====
2015-07-28 14:19:46,668 INFO o.i.c.IndexController [Test worker] =====>>>>> TEST LOG4J INTO CONSOLE <<<<<=====
2015-07-28 14:19:46,672 DEBUG o.i.c.IndexController [Test worker] =====>>>>> TEST LOG4J INTO DEBUG.LOG <<<<<=====
2015-07-28 14:56:45,088 INFO o.i.c.IndexController [Test worker] =====>>>>> TEST LOG4J INTO CONSOLE <<<<<=====
2015-07-28 14:56:45,091 DEBUG o.i.c.IndexController [Test worker] =====>>>>> TEST LOG4J INTO DEBUG.LOG <<<<<=====
2015-07-28 15:02:15,148 INFO o.i.c.IndexController [Test worker] =====>>>>> TEST LOG4J INTO CONSOLE <<<<<=====
2015-07-28 15:02:15,153 DEBUG o.i.c.IndexController [Test worker] =====>>>>> TEST LOG4J INTO DEBUG.LOG <<<<<=====
2015-07-28 15:07:59,796 INFO o.i.c.IndexController [Test worker] =====>>>>> TEST LOG4J INTO CONSOLE <<<<<=====
2015-07-28 15:07:59,801 DEBUG o.i.c.IndexController [Test worker] =====>>>>> TEST LOG4J INTO DEBUG.LOG <<<<<=====
2015-07-28 23:04:03,275 INFO o.i.c.IndexController [Test worker] =====>>>>> TEST LOG4J INTO CONSOLE <<<<<=====
2015-07-28 23:04:03,278 DEBUG o.i.c.IndexController [Test worker] =====>>>>> TEST LOG4J INTO DEBUG.LOG <<<<<=====
